[debug] > Exec(early(addDefaultCommands), None, None)
[debug] > Exec(addDefaultCommands, None, None)
[debug] > Exec(early(initialize), None, None)
[debug] > Exec(initialize, None, None)
[debug] > Exec(boot, None, None)
[debug] > Exec(writeSbtVersion, None, None)
[debug] > Exec(reload, None, None)
[debug] > Exec(sbtStashOnFailure, None, None)
[debug] > Exec(onFailure loadFailed, None, None)
[debug] > Exec(loadp, None, None)
[info] welcome to sbt 1.9.6 (Ubuntu Java 11.0.20.1)
[debug] Load.defaultLoad until apply took 101.366096ms
[debug]                 Load.loadUnit: plugins took 62.054395ms
[debug]                 Load.loadUnit: defsScala took 0.309257ms
[debug] [Loading] Scanning directory /home/will/Documents/UnB/Disciplinas/4º SEMESTRE/TP2/scala-word-count/project/project
[debug]                   Load.loadUnit: mkEval took 5.87868ms
[debug] [Loading] Found non-root projects 
[debug] [Loading] Done in /home/will/Documents/UnB/Disciplinas/4º SEMESTRE/TP2/scala-word-count/project/project, returning: ()
[debug] deducing auto plugins based on known facts Set(Atom(sbt.plugins.CorePlugin)) and clauses Clauses(Clause(Atom(sbt.plugins.JvmPlugin),Set(Atom(sbt.plugins.IvyPlugin)))
[debug] Clause(Atom(sbt.ScriptedPlugin),Set(Atom(sbt.plugins.JvmPlugin)))
[debug] Clause(Atom(sbt.plugins.SbtPlugin),Set(Atom(sbt.ScriptedPlugin)))
[debug] Clause(Atom(sbt.plugins.SemanticdbPlugin),Set(Atom(sbt.plugins.JvmPlugin)))
[debug] Clause(Atom(sbt.plugins.JUnitXmlReportPlugin),Set(Atom(sbt.plugins.JvmPlugin)))
[debug] Clause(Atom(sbt.plugins.MiniDependencyTreePlugin),Set(Atom(sbt.plugins.JvmPlugin)))
[debug] Clause(Atom(sbt.plugins.CorePlugin),Set(Atom(sbt.plugins.IvyPlugin)))
[debug] Clause(Atom(sbt.plugins.IvyPlugin),Set(Atom(sbt.plugins.JvmPlugin)))
[debug] Clause(Atom(sbt.plugins.JvmPlugin),Set(Atom(sbt.plugins.SemanticdbPlugin)))
[debug] Clause(Atom(sbt.plugins.JvmPlugin),Set(Atom(sbt.plugins.JUnitXmlReportPlugin)))
[debug] Clause(Atom(sbt.plugins.CorePlugin),Set(Atom(sbt.plugins.Giter8TemplatePlugin)))
[debug] Clause(Atom(sbt.plugins.JvmPlugin),Set(Atom(sbt.plugins.MiniDependencyTreePlugin))))
[debug]   :: deduced result: Matched(sbt.plugins.CorePlugin,sbt.plugins.Giter8TemplatePlugin,sbt.plugins.IvyPlugin,sbt.plugins.JvmPlugin,sbt.plugins.MiniDependencyTreePlugin,sbt.plugins.JUnitXmlReportPlugin,sbt.plugins.SemanticdbPlugin)
[debug] Plugins.deducer#function took 13.967418 ms
[info] loading settings for project scala-word-count-build-build from metals.sbt ...
[debug]                     Load.resolveProject(scala-word-count-build-build) took 39.315262ms
[debug]                   Load.loadTransitive: finalizeProject(Project(id scala-word-count-build-build, base: /home/will/Documents/UnB/Disciplinas/4º SEMESTRE/TP2/scala-word-count/project/project, plugins: List(<none>))) took 60.531087ms
[debug] [Loading] Done in /home/will/Documents/UnB/Disciplinas/4º SEMESTRE/TP2/scala-word-count/project/project, returning: (scala-word-count-build-build)
[debug]                 Load.loadUnit: loadedProjectsRaw took 1817.842631ms
[debug]                 Load.loadUnit: cleanEvalClasses took 5.713016ms
[debug]               Load.loadUnit(file:/home/will/Documents/UnB/Disciplinas/4º%20SEMESTRE/TP2/scala-word-count/project/project/, ...) took 1890.683802ms
[debug]             Load.apply: load took 2007.654534ms
[debug]             Load.apply: resolveProjects took 5.340833ms
[debug]             Load.apply: finalTransforms took 66.181665ms
[debug]             Load.apply: config.delegates took 6.222858ms
